teststart
-107374176.000000
testairplane
0.000000
testairplane
0.043767
testairplane
0.007049
testairplane
0.012662
testairplane
0.016594
testairplane
0.016413
testairplane
0.017231
testairplane
0.016559
testairplane
0.016686
testairplane
0.016693
testairplane
0.016474
testairplane
0.016823
testairplane
0.016688
testairplane
0.016254
testairplane
0.016689
testairplane
0.016811
testairplane
0.016718
testairplane
0.016974
testairplane
0.016152
testairplane
0.016978
testairplane
0.016530
testairplane
0.016570
testairplane
0.016598
testairplane
0.016730
testairplane
0.016734
testairplane
0.016693
testairplane
0.016714
testairplane
0.016573
testairplane
0.017096
testairplane
0.016364
testairplane
0.016529
testairplane
0.016562
testairplane
0.016824
testairplane
0.016660
testairplane
0.016657
testairplane
0.016549
testairplane
0.016585
testairplane
0.016782
testairplane
0.016790
testairplane
0.017010
testairplane
0.016544
testairplane
0.016641
testairplane
0.016400
testairplane
0.016703
testairplane
0.016917
testairplane
0.016439
testairplane
0.016644
testairplane
0.016726
testairplane
0.016692
testairplane
0.016638
testairplane
0.016774
testairplane
0.016684
testairplane
0.016721
testairplane
0.016388
testairplane
0.017110
testairplane
0.016865
testairplane
0.016438
testairplane
0.017361
testairplane
0.015913
testairplane
0.016650
testairplane
0.016785
testairplane
0.016654
testairplane
0.016908
testairplane
0.016271
testairplane
0.016594
testairplane
0.016835
testairplane
0.016233
testairplane
0.016798
testairplane
0.016648
testairplane
0.016496
testairplane
0.016778
testairplane
0.017106
testairplane
0.016288
testairplane
0.016533
testairplane
0.016628
testairplane
0.016734
testairplane
0.017135
testairplane
0.016769
testairplane
0.016275
testairplane
0.016974
testairplane
0.016711
testairplane
0.016721
testairplane
0.016309
testairplane
0.016490
testairplane
0.016862
testairplane
0.016758
testairplane
0.016635
testairplane
0.016865
testairplane
0.016192
testairplane
0.017076
testairplane
0.016561
testairplane
0.016723
testairplane
0.016693
testairplane
0.016184
testairplane
0.016914
testairplane
0.016643
testairplane
0.016545
testairplane
0.016719
testairplane
0.016588
testairplane
0.016687
testairplane
0.016808
testairplane
0.016656
testairplane
0.016860
testairplane
0.016524
testairplane
0.016505
testairplane
0.017017
testairplane
0.016305
testairplane
0.016861
testairplane
0.016534
testairplane
0.016694
testairplane
0.016642
testairplane
0.016706
testairplane
0.016607
testairplane
0.016611
testairplane
0.017059
testairplane
0.016449
testairplane
0.017094
testairplane
0.016577
testairplane
0.016216
testairplane
0.016761
testairplane
0.016657
testairplane
0.016542
testairplane
0.016777
testairplane
0.016977
testairplane
0.016385
testairplane
0.016488
testairplane
0.016836
testairplane
0.016774
testairplane
0.017016
testairplane
0.016358
testairplane
0.016647
testairplane
0.016554
testairplane
0.016768
testairplane
0.016526
testairplane
0.016565
testairplane
0.016666
testairplane
0.016803
testairplane
0.016575
testairplane
0.017042
testairplane
0.016446
testairplane
0.016910
testairplane
0.016507
testairplane
0.016392
testairplane
0.020403
testairplane
0.021614
testairplane
0.021967
testairplane
0.012892
testairplane
0.012867
testairplane
0.013516
testairplane
0.013566
testairplane
0.016627
testairplane
0.016693
testairplane
0.016852
testairplane
0.016764
testairplane
0.016624
testairplane
0.016190
testairplane
0.016752
testairplane
0.016692
testairplane
0.016674
testairplane
0.016765
testairplane
0.016557
testairplane
0.016661
testairplane
0.016849
testairplane
0.016565
testairplane
0.016915
testairplane
0.016584
testairplane
0.016433
testairplane
0.016710
testairplane
0.016594
testairplane
0.016608
testairplane
0.016868
testairplane
0.016564
testairplane
0.016654
testairplane
0.016678
testairplane
0.016707
testairplane
0.016789
testairplane
0.016970
testairplane
0.016500
testairplane
0.016378
testairplane
0.016637
testairplane
0.016800
testairplane
0.016753
testairplane
0.016566
testairplane
0.016630
testairplane
0.016714
testairplane
0.016508
testairplane
0.016749
testairplane
0.016785
testairplane
0.016618
testairplane
0.017047
testairplane
0.016532
testairplane
0.016390
testairplane
0.016613
testairplane
0.016673
testairplane
0.016686
testairplane
0.016723
testairplane
0.016661
testairplane
0.016596
testairplane
0.016624
testairplane
0.016751
testairplane
0.016817
testairplane
0.016529
testairplane
0.016880
testairplane
0.016563
testairplane
0.020119
testairplane
0.026726
testairplane
0.025826
testairplane
0.025505
testairplane
0.024453
testairplane
0.014985
testairplane
0.013164
testairplane
0.015854
testairplane
0.016825
testairplane
0.016674
testairplane
0.017001
testairplane
0.024936
testairplane
0.024429
testairplane
0.017410
testairplane
0.016018
testairplane
0.016588
testairplane
0.016690
testairplane
0.016721
testairplane
0.017725
testairplane
0.016026
testairplane
0.016269
testairplane
0.016695
testairplane
0.016557
testairplane
0.016609
testairplane
0.016792
testairplane
0.016618
testairplane
0.016712
testairplane
0.016735
testairplane
0.016554
testairplane
0.016735
testairplane
0.016693
testairplane
0.016748
testairplane
0.016839
testairplane
0.016450
testairplane
0.016391
testairplane
0.016709
testairplane
0.016751
testairplane
0.016577
testairplane
0.016733
testairplane
0.016687
testairplane
0.016547
testairplane
0.016796
testairplane
0.016691
testairplane
0.016560
testairplane
0.016859
testairplane
0.016549
testairplane
0.016695
testairplane
0.016709
testairplane
0.016776
testairplane
0.016887
testairplane
0.021079
testairplane
0.020794
testairplane
0.020724
testairplane
0.020682
testairplane
0.021525
testairplane
0.021307
testairplane
0.021163
testairplane
0.022049
testairplane
0.021134
testairplane
0.021130
testairplane
0.020756
testairplane
0.020756
testairplane
0.020837
testairplane
0.020941
testairplane
0.021462
testairplane
0.016552
testairplane
0.016864
testairplane
0.016660
testairplane
0.016427
testairplane
0.016799
testairplane
0.016766
testairplane
0.016428
testairplane
0.016823
testairplane
0.016748
testairplane
0.016523
testairplane
0.016646
testairplane
0.023463
testairplane
0.025376
testairplane
0.025051
testairplane
0.024827
testairplane
0.025724
testairplane
0.025453
testairplane
0.027460
testairplane
0.016433
testairplane
0.014019
testairplane
0.012273
testairplane
0.013420
testairplane
0.016696
testairplane
0.016819
testairplane
0.016583
testairplane
0.016798
testairplane
0.016520
testairplane
0.016515
testairplane
0.016845
testairplane
0.016435
testairplane
0.016864
testairplane
0.016446
testairplane
0.016711
testairplane
0.017169
testairplane
0.020707
testairplane
0.012350
testairplane
0.016653
testairplane
0.016677
testairplane
0.016464
testairplane
0.016552
testairplane
0.016738
testairplane
0.016954
testairplane
0.016386
testairplane
0.016654
testairplane
0.019642
testairplane
0.021392
testairplane
0.022530
testairplane
0.023215
testairplane
0.014770
testairplane
0.015342
testairplane
0.016421
testairplane
0.016680
testairplane
0.019457
testairplane
0.021338
testairplane
0.021299
testairplane
0.021270
testairplane
0.021574
testairplane
0.019926
testairplane
0.013327
testairplane
0.012416
testairplane
0.016318
testairplane
0.016682
testairplane
0.016436
testairplane
0.016579
testairplane
0.016872
testairplane
0.016532
testairplane
0.016755
testairplane
0.017003
testairplane
0.021145
testairplane
0.021433
testairplane
0.014818
testairplane
0.011983
testairplane
0.013788
testairplane
0.016508
testairplane
0.016821
testairplane
0.016485
testairplane
0.016714
testairplane
0.016577
testairplane
0.016600
testairplane
0.016800
testairplane
0.016603
testairplane
0.016712
testairplane
0.016646
testairplane
0.016764
testairplane
0.016627
testairplane
0.016887
testairplane
0.016475
testairplane
0.016754
testairplane
0.016571
testairplane
0.016611
testairplane
0.016583
testairplane
0.016800
testairplane
0.016761
testairplane
0.016411
testairplane
0.016726
testairplane
0.016602
testairplane
0.016883
testairplane
0.016759
testairplane
0.016678
testairplane
0.016417
testairplane
0.016682
testairplane
0.016616
testairplane
0.016657
testairplane
0.016691
testairplane
0.016694
testairplane
0.016725
testairplane
0.016679
testairplane
0.016617
testairplane
0.016666
testairplane
0.016619
testairplane
0.017674
testairplane
0.021537
testairplane
0.021557
testairplane
0.015507
testairplane
0.012200
testairplane
0.012115
testairplane
0.016093
testairplane
0.016619
testairplane
0.016632
testairplane
0.016787
testairplane
0.016808
testairplane
0.016520
testairplane
0.016877
testairplane
0.016473
testairplane
0.016893
testairplane
0.016398
testairplane
0.016753
testairplane
0.016632
testairplane
0.016941
testairplane
0.016675
testairplane
0.016346
testairplane
0.016709
testairplane
0.016684
testairplane
0.016645
testairplane
0.016818
testairplane
0.016398
testairplane
0.016951
testairplane
0.016484
testairplane
0.016721
testairplane
0.016657
testairplane
0.016658
testairplane
0.016674
testairplane
0.016599
testairplane
0.016721
testairplane
0.016877
testairplane
0.016409
testairplane
0.016687
testairplane
0.016900
testairplane
0.016728
testairplane
0.016423
testairplane
0.016656
testairplane
0.016564
testairplane
0.016892
testairplane
0.016375
testairplane
0.016772
testairplane
0.016741
testairplane
0.016590
testairplane
0.016970
testairplane
0.016612
testairplane
0.016911
testairplane
0.016793
testairplane
0.016306
testairplane
0.016452
testairplane
0.016712
testairplane
0.016782
testairplane
0.016664
testairplane
0.016537
testairplane
0.016660
testairplane
0.016633
testairplane
0.016691
testairplane
0.016675
testairplane
0.016648
testairplane
0.016936
testairplane
0.016411
testairplane
0.016847
testairplane
0.016406
testairplane
0.016849
testairplane
0.016531
testairplane
0.016703
testairplane
0.016628
testairplane
0.016697
testairplane
0.016593
testairplane
0.016826
testairplane
0.016627
testairplane
0.016675
testairplane
0.016807
testairplane
0.016468
testairplane
0.016666
testairplane
0.016650
testairplane
0.016648
testairplane
0.016727
testairplane
0.016633
testairplane
0.016659
testairplane
0.016689
testairplane
0.016780
testairplane
teststop
