Mar  7 2018 20:57:10 file: D:\Projects\GameEngine3D\Source\Kernel.cpp line: 22 [info] Initialized engine
May  3 2018 23:45:19 file: d:\projects\gameengine3d\source\kernel.cpp line: 22 [info] Initialized engine
May  3 2018 23:45:19 file: d:\projects\gameengine3d\source\kernel.cpp line: 22 [info] Initialized engine
May  3 2018 23:45:19 file: d:\projects\gameengine3d\source\directx9\direct3d.cpp line: 23 [error] Failed to create the device
May  3 2018 23:45:19 file: d:\projects\gameengine3d\source\directx9\direct3d.cpp line: 23 [error] Failed to create the device
May  3 2018 23:45:19 file: d:\projects\gameengine3d\source\directx9\direct3d.cpp line: 23 [error] Failed to create the device
May  3 2018 23:45:19 file: d:\projects\gameengine3d\source\kernel.cpp line: 22 [info] Initialized engine
May  3 2018 23:45:19 file: d:\projects\gameengine3d\source\kernel.cpp line: 22 [info] Initialized engine
May  3 2018 23:45:19 file: d:\projects\gameengine3d\source\kernel.cpp line: 22 [info] Initialized engine
May  3 2018 23:45:19 file: d:\projects\gameengine3d\source\kernel.cpp line: 22 [info] Initialized engine
May  3 2018 23:45:19 file: d:\projects\gameengine3d\source\kernel.cpp line: 22 [info] Initialized engine
May  3 2018 23:45:19 file: d:\projects\gameengine3d\source\kernel.cpp line: 22 [info] Initialized engine
May  3 2018 23:45:19 file: d:\projects\gameengine3d\source\kernel.cpp line: 22 [info] Initialized engine
May  3 2018 23:45:19 file: d:\projects\gameengine3d\source\kernel.cpp line: 22 [info] Initialized engine
May  3 2018 23:45:19 file: d:\projects\gameengine3d\source\kernel.cpp line: 22 [info] Initialized engine
May  3 2018 23:45:19 file: d:\projects\gameengine3d\source\kernel.cpp line: 22 [info] Initialized engine
May  3 2018 23:45:19 file: d:\projects\gameengine3d\source\kernel.cpp line: 22 [info] Initialized engine
May  3 2018 23:45:19 file: d:\projects\gameengine3d\source\kernel.cpp line: 22 [info] Initialized engine
May  3 2018 23:45:19 file: d:\projects\gameengine3d\source\kernel.cpp line: 22 [info] Initialized engine
May  3 2018 23:45:19 file: d:\projects\gameengine3d\source\kernel.cpp line: 22 [info] Initialized engine
May  3 2018 23:45:19 file: d:\projects\gameengine3d\source\kernel.cpp line: 22 [info] Initialized engine
May  3 2018 23:45:19 file: d:\projects\gameengine3d\source\kernel.cpp line: 22 [info] Initialized engine
May  3 2018 23:45:19 file: d:\projects\gameengine3d\source\kernel.cpp line: 22 [info] Initialized engine
May  3 2018 23:45:19 file: d:\projects\gameengine3d\source\kernel.cpp line: 22 [info] Initialized engine
May  3 2018 23:45:19 file: d:\projects\gameengine3d\source\kernel.cpp line: 22 [info] Initialized engine
May 27 2018 14:01:15 file: d:\projects\gameengine3d\source\kernel.cpp line: 22 [info] Initialized engine
May 27 2018 14:01:15 file: d:\projects\gameengine3d\source\kernel.cpp line: 22 [info] Initialized engine
May 27 2018 14:01:15 file: d:\projects\gameengine3d\source\kernel.cpp line: 22 [info] Initialized engine
May 27 2018 14:01:15 file: d:\projects\gameengine3d\source\kernel.cpp line: 22 [info] Initialized engine
May 27 2018 14:01:15 file: d:\projects\gameengine3d\source\kernel.cpp line: 22 [info] Initialized engine
May 27 2018 14:01:15 file: d:\projects\gameengine3d\source\kernel.cpp line: 22 [info] Initialized engine
May 27 2018 14:01:15 file: d:\projects\gameengine3d\source\kernel.cpp line: 22 [info] Initialized engine
May 27 2018 14:01:15 file: d:\projects\gameengine3d\source\kernel.cpp line: 22 [info] Initialized engine
May 27 2018 14:01:15 file: d:\projects\gameengine3d\source\kernel.cpp line: 22 [info] Initialized engine
May 27 2018 14:01:15 file: d:\projects\gameengine3d\source\kernel.cpp line: 22 [info] Initialized engine
May 27 2018 14:01:15 file: d:\projects\gameengine3d\source\kernel.cpp line: 23 [info] Initialized engine
May 27 2018 14:01:15 file: d:\projects\gameengine3d\source\kernel.cpp line: 23 [info] Initialized engine
May 27 2018 14:01:15 file: d:\projects\gameengine3d\source\kernel.cpp line: 23 [info] Initialized engine
May 27 2018 14:01:15 file: d:\projects\gameengine3d\source\kernel.cpp line: 23 [info] Initialized engine
May 27 2018 14:01:15 file: d:\projects\gameengine3d\source\kernel.cpp line: 23 [info] Initialized engine
May 27 2018 14:01:15 file: d:\projects\gameengine3d\source\kernel.cpp line: 23 [info] Initialized engine
May 27 2018 14:01:15 file: d:\projects\gameengine3d\source\kernel.cpp line: 23 [info] Initialized engine
May 27 2018 14:01:15 file: d:\projects\gameengine3d\source\kernel.cpp line: 23 [info] Initialized engine
May 27 2018 14:01:15 file: d:\projects\gameengine3d\source\kernel.cpp line: 22 [info] Initialized engine
May 27 2018 14:01:15 file: d:\projects\gameengine3d\source\kernel.cpp line: 22 [info] Initialized engine
May 27 2018 14:01:15 file: d:\projects\gameengine3d\source\kernel.cpp line: 22 [info] Initialized engine
May 27 2018 14:01:15 file: d:\projects\gameengine3d\source\kernel.cpp line: 22 [info] Initialized engine
May 27 2018 14:01:15 file: d:\projects\gameengine3d\source\kernel.cpp line: 22 [info] Initialized engine
May 27 2018 14:01:15 file: d:\projects\gameengine3d\source\kernel.cpp line: 22 [info] Initialized engine
May 27 2018 14:01:15 file: d:\projects\gameengine3d\source\directx9\direct3d.cpp line: 24 [error] Failed to create the device
May 27 2018 14:01:15 file: d:\projects\gameengine3d\source\directx9\direct3d.cpp line: 24 [error] Failed to create the device
May 27 2018 14:01:15 file: d:\projects\gameengine3d\source\directx9\direct3d.cpp line: 24 [error] Failed to create the device
May 27 2018 14:01:15 file: d:\projects\gameengine3d\source\directx9\direct3d.cpp line: 24 [error] Failed to create the device
May 27 2018 14:01:15 file: d:\projects\gameengine3d\source\directx9\direct3d.cpp line: 24 [error] Failed to create the device
May 27 2018 14:01:15 file: d:\projects\gameengine3d\source\directx9\direct3d.cpp line: 24 [error] Failed to create the device
May 27 2018 14:01:15 file: d:\projects\gameengine3d\source\kernel.cpp line: 25 [info] Initialized engine
May 27 2018 14:01:15 file: d:\projects\gameengine3d\source\kernel.cpp line: 25 [info] Initialized engine
May 27 2018 14:01:15 file: d:\projects\gameengine3d\source\kernel.cpp line: 25 [info] Initialized engine
May 27 2018 14:01:15 file: d:\projects\gameengine3d\source\kernel.cpp line: 25 [info] Initialized engine
May 27 2018 14:01:15 file: d:\projects\gameengine3d\source\kernel.cpp line: 25 [info] Initialized engine
May 27 2018 14:01:15 file: d:\projects\gameengine3d\source\kernel.cpp line: 25 [info] Initialized engine
May 27 2018 14:01:15 file: d:\projects\gameengine3d\source\kernel.cpp line: 25 [info] Initialized engine
May 27 2018 14:01:15 file: d:\projects\gameengine3d\source\kernel.cpp line: 25 [info] Initialized engine
May 27 2018 14:01:15 file: d:\projects\gameengine3d\source\kernel.cpp line: 25 [info] Initialized engine
May 27 2018 14:01:15 file: d:\projects\gameengine3d\source\kernel.cpp line: 25 [info] Initialized engine
May 27 2018 14:01:15 file: d:\projects\gameengine3d\source\kernel.cpp line: 25 [info] Initialized engine
May 27 2018 14:01:15 file: d:\projects\gameengine3d\source\kernel.cpp line: 25 [info] Initialized engine
May 27 2018 14:01:15 file: d:\projects\gameengine3d\source\kernel.cpp line: 25 [info] Initialized engine
May 27 2018 14:01:15 file: d:\projects\gameengine3d\source\kernel.cpp line: 25 [info] Initialized engine
May 27 2018 14:01:15 file: d:\projects\gameengine3d\source\kernel.cpp line: 25 [info] Initialized engine
May 27 2018 14:01:15 file: d:\projects\gameengine3d\source\kernel.cpp line: 25 [info] Initialized engine
May 27 2018 14:01:15 file: d:\projects\gameengine3d\source\kernel.cpp line: 25 [info] Initialized engine
May 27 2018 14:01:15 file: d:\projects\gameengine3d\source\kernel.cpp line: 25 [info] Initialized engine
May 27 2018 14:01:15 file: d:\projects\gameengine3d\source\kernel.cpp line: 25 [info] Initialized engine
May 27 2018 14:01:15 file: d:\projects\gameengine3d\source\kernel.cpp line: 25 [info] Initialized engine
May 27 2018 14:01:15 file: d:\projects\gameengine3d\source\kernel.cpp line: 25 [info] Initialized engine
May 27 2018 14:01:15 file: d:\projects\gameengine3d\source\kernel.cpp line: 25 [info] Initialized engine
May 27 2018 14:01:15 file: d:\projects\gameengine3d\source\kernel.cpp line: 25 [info] Initialized engine
May 27 2018 14:01:15 file: d:\projects\gameengine3d\source\kernel.cpp line: 25 [info] Initialized engine
May 27 2018 14:01:15 file: d:\projects\gameengine3d\source\kernel.cpp line: 25 [info] Initialized engine
May 27 2018 14:01:15 file: d:\projects\gameengine3d\source\kernel.cpp line: 25 [info] Initialized engine
May 27 2018 14:01:15 file: d:\projects\gameengine3d\source\kernel.cpp line: 25 [info] Initialized engine
May 27 2018 14:01:15 file: d:\projects\gameengine3d\source\kernel.cpp line: 25 [info] Initialized engine
May 27 2018 14:01:15 file: d:\projects\gameengine3d\source\kernel.cpp line: 26 [info] Initialized engine
